
[31m[1m▄▄▄█████[22m▓ [1m██[22m░ [1m██[22m ▓[1m█████    ▄▄▄█████[22m▓ [1m██[22m▓ [1m▄████▄   ██ ▄█▀[22m
[22m▓  [1m██[22m▒ ▓▒▓[1m██[22m░ [1m██[22m▒▓[1m█[22m   [1m▀[22m    ▓  [1m██[22m▒ ▓▒▓[1m██[22m▒▒[1m██▀ ▀█   ██▄█[22m▒ [22m
[22m▒ ▓[1m██[22m░ ▒░▒[1m██▀▀██[22m░▒[1m███[22m      ▒ ▓[1m██[22m░ ▒░▒[1m██[22m▒▒[1m▓█    ▄ ▓███▄[22m░ [22m
[22m░ ▓[1m██[22m▓ ░ ░[1m▓█[22m ░[1m██[22m ▒▓[1m█  ▄[22m    ░ ▓[1m██[22m▓ ░ ░[1m██[22m░▒[1m▓▓▄ ▄██▒▓[1m██ █▄ [22m
[22m  ▒█[1m█[22m▒ ░ ░[1m▓█▒[22m░█[1m█[22m▓░▒[1m████[22m▒     ▒█[1m█[22m▒ ░ ░[1m██[22m░▒ [1m▓███▀[22m ░▒█[1m█[22m▒ [1m█▄[22m
[22m  ▒ ░░    [1m▒[22m ░░[1m▒░▒[22m░░ ▒░ ░     ▒ ░░   ░[1m▓[22m  ░ ░▒ ▒  ░▒ ▒▒ [1m▓[22m▒[22m
[22m    ░     ▒ ░▒░ ░ ░ ░  ░       ░     ▒ ░  ░  ▒   ░ ░▒ ▒░[22m
[22m  ░       [2m░[22m  ░░ ░   [2m░[22m        ░       ▒ ░░        [2m░[22m ░░ [2m░[22m [22m
[2m          ░  ░  ░   ░  ░             ░  [22m░[2m ░      ░  ░   [22m
[2m                                        ░               [22m
[0m[1m                Embedded Linux Backdoor
[22m               by Mario Vilas (NCC Group)

[32mListening on: 0.0.0.0:5555[0m
[?2004h[31m[No bot selected] [0mhelp
[?2004l
Available commands (type help * or help <command>)
==================================================
bots   clear    dig       exec  fork  kill   proxy  push  shell
chmod  current  download  exit  help  pivot  pull   rm    use  

[?2004h[31m[No bot selected] [0m